<?xml version="1.0" encoding="UTF-8"?>
<!-- Generated by org.testng.reporters.JUnitReportReporter -->
<testsuite hostname="DESKTOP-EAUOINI" failures="0" tests="1" name="FinalMockTestCases.Task7" time="53.959" errors="0" timestamp="2024-08-08T18:07:37 IST" skipped="0">
  <testcase classname="FinalMockTestCases.Task7" name="createOrganization" time="53.959"/>
  <system-out>
    <![CDATA[createOrganization is executed]]>
  </system-out>
</testsuite> <!-- FinalMockTestCases.Task7 -->
