<?xml version="1.0" encoding="UTF-8"?>
<!-- Generated by org.testng.reporters.JUnitReportReporter -->
<testsuite hostname="DESKTOP-EAUOINI" failures="0" tests="1" name="FinalMockTestCases.Task4" time="19.512" errors="0" timestamp="2024-08-08T18:16:02 IST" skipped="0">
  <testcase classname="FinalMockTestCases.Task4" name="twitterRegister" time="19.512"/>
  <system-out>
    <![CDATA[twitterRegister is executed]]>
  </system-out>
</testsuite> <!-- FinalMockTestCases.Task4 -->
