<?xml version="1.0" encoding="UTF-8"?>
<!-- Generated by org.testng.reporters.JUnitReportReporter -->
<testsuite hostname="DESKTOP-EAUOINI" failures="0" tests="1" name="FinalMockTestCases.Task8" time="17.849" errors="0" timestamp="2024-08-08T18:07:37 IST" skipped="0">
  <testcase classname="FinalMockTestCases.Task8" name="createContact" time="17.849"/>
  <system-out>
    <![CDATA[createContact is executed]]>
  </system-out>
</testsuite> <!-- FinalMockTestCases.Task8 -->
